This is e-pTeX, Version 3.14159265-p3.8.0-180226-2.6 (utf8.euc) (TeX Live 2018) (preloaded format=platex 2018.9.17)  20 DEC 2018 17:16
entering extended mode
 restricted \write18 enabled.
 %&-line parsing enabled.
**title.tex
(./title.tex
pLaTeX2e <2018-04-01>+1 (based on LaTeX2e <2018-04-01> patch level 2)
Babel <3.18> and hyphenation patterns for 84 language(s) loaded.

! LaTeX Error: Missing \begin{document}.

See the LaTeX manual or LaTeX Companion for explanation.
Type  H <return>  for immediate help.
 ...                                              
                                                  
l.2 \begin{center}
                  
You're in trouble here.  Try typing  <return>  to proceed.
If that doesn't work, type  X <return>  to quit.


Overfull \hbox (20.0pt too wide) in paragraph at lines 2--2
[] 
 []

! Undefined control sequence.
l.3 ^^I{\Huge
              手指使用量の常時計測のためのウェアラブルデバイスの開発}\\
The control sequence at the end of the top line
of your error message was never \def'ed. If you have
misspelled it (e.g., `\hobx'), type `I' and the correct
spelling (e.g., `I\hbox'). Otherwise just continue,
and I'll forget about whatever was undefined.


Overfull \hbox (9.62216pt too wide) in paragraph at lines 3--3
 \JY1/mc/m/n/10 手 
 []


Overfull \hbox (9.62216pt too wide) in paragraph at lines 3--3
 \JY1/mc/m/n/10 指 
 []


Overfull \hbox (9.62216pt too wide) in paragraph at lines 3--3
 \JY1/mc/m/n/10 使 
 []


Overfull \hbox (9.62216pt too wide) in paragraph at lines 3--3
 \JY1/mc/m/n/10 用 
 []


Overfull \hbox (9.62216pt too wide) in paragraph at lines 3--3
 \JY1/mc/m/n/10 量 
 []


Overfull \hbox (9.62216pt too wide) in paragraph at lines 3--3
 \JY1/mc/m/n/10 の 
 []


Overfull \hbox (9.62216pt too wide) in paragraph at lines 3--3
 \JY1/mc/m/n/10 常 
 []


Overfull \hbox (9.62216pt too wide) in paragraph at lines 3--3
 \JY1/mc/m/n/10 時 
 []


Overfull \hbox (9.62216pt too wide) in paragraph at lines 3--3
 \JY1/mc/m/n/10 計 
 []


Overfull \hbox (9.62216pt too wide) in paragraph at lines 3--3
 \JY1/mc/m/n/10 測 
 []


Overfull \hbox (9.62216pt too wide) in paragraph at lines 3--3
 \JY1/mc/m/n/10 の 
 []


Overfull \hbox (9.62216pt too wide) in paragraph at lines 3--3
 \JY1/mc/m/n/10 た 
 []


Overfull \hbox (9.62216pt too wide) in paragraph at lines 3--3
 \JY1/mc/m/n/10 め 
 []


Overfull \hbox (9.62216pt too wide) in paragraph at lines 3--3
 \JY1/mc/m/n/10 の 
 []


Overfull \hbox (9.62216pt too wide) in paragraph at lines 3--3
 \JY1/mc/m/n/10 ウ 
 []


Overfull \hbox (7.47433pt too wide) in paragraph at lines 3--3
 \JY1/mc/m/n/10 ェ 
 []


Overfull \hbox (9.62216pt too wide) in paragraph at lines 3--3
 \JY1/mc/m/n/10 ア 
 []


Overfull \hbox (9.62216pt too wide) in paragraph at lines 3--3
 \JY1/mc/m/n/10 ラ 
 []


Overfull \hbox (9.62216pt too wide) in paragraph at lines 3--3
 \JY1/mc/m/n/10 ブ 
 []


Overfull \hbox (9.62216pt too wide) in paragraph at lines 3--3
 \JY1/mc/m/n/10 ル 
 []


Overfull \hbox (9.62216pt too wide) in paragraph at lines 3--3
 \JY1/mc/m/n/10 デ 
 []


Overfull \hbox (9.62216pt too wide) in paragraph at lines 3--3
 \JY1/mc/m/n/10 バ 
 []


Overfull \hbox (9.62216pt too wide) in paragraph at lines 3--3
 \JY1/mc/m/n/10 イ 
 []


Overfull \hbox (9.62216pt too wide) in paragraph at lines 3--3
 \JY1/mc/m/n/10 ス 
 []


Overfull \hbox (9.62216pt too wide) in paragraph at lines 3--3
 \JY1/mc/m/n/10 の 
 []


Overfull \hbox (9.62216pt too wide) in paragraph at lines 3--3
 \JY1/mc/m/n/10 開 
 []


Overfull \hbox (9.62216pt too wide) in paragraph at lines 3--3
 \JY1/mc/m/n/10 発 
 []

! Undefined control sequence.
l.5 ^^I{\Large
               A wearable device for continuous monitoring of fingers activi...
The control sequence at the end of the top line
of your error message was never \def'ed. If you have
misspelled it (e.g., `\hobx'), type `I' and the correct
spelling (e.g., `I\hbox'). Otherwise just continue,
and I'll forget about whatever was undefined.


Overfull \hbox (7.50002pt too wide) in paragraph at lines 5--5
 []\OT1/cmr/m/n/10 A 
 []


Overfull \hbox (23.6389pt too wide) in paragraph at lines 5--5
 \OT1/cmr/m/n/10 wear- 
 []


Overfull \hbox (17.77782pt too wide) in paragraph at lines 5--5
 \OT1/cmr/m/n/10 able 
 []


Overfull \hbox (13.33334pt too wide) in paragraph at lines 5--5
 \OT1/cmr/m/n/10 de- 
 []


Overfull \hbox (16.94447pt too wide) in paragraph at lines 5--5
 \OT1/cmr/m/n/10 vice 
 []


Overfull \hbox (11.97226pt too wide) in paragraph at lines 5--5
 \OT1/cmr/m/n/10 for 
 []


Overfull \hbox (18.33336pt too wide) in paragraph at lines 5--5
 \OT1/cmr/m/n/10 con- 
 []


Overfull \hbox (15.55559pt too wide) in paragraph at lines 5--5
 \OT1/cmr/m/n/10 tin- 
 []


Overfull \hbox (8.8889pt too wide) in paragraph at lines 5--5
 \OT1/cmr/m/n/10 u- 
 []


Overfull \hbox (14.50003pt too wide) in paragraph at lines 5--5
 \OT1/cmr/m/n/10 ous 
 []


Overfull \hbox (22.22227pt too wide) in paragraph at lines 5--5
 \OT1/cmr/m/n/10 mon- 
 []


Overfull \hbox (6.11111pt too wide) in paragraph at lines 5--5
 \OT1/cmr/m/n/10 i- 
 []


Overfull \hbox (16.13892pt too wide) in paragraph at lines 5--5
 \OT1/cmr/m/n/10 tor- 
 []


Overfull \hbox (13.33337pt too wide) in paragraph at lines 5--5
 \OT1/cmr/m/n/10 ing 
 []


Overfull \hbox (8.05559pt too wide) in paragraph at lines 5--5
 \OT1/cmr/m/n/10 of 
 []


Overfull \hbox (14.44447pt too wide) in paragraph at lines 5--5
 \OT1/cmr/m/n/10 fin- 
 []


Overfull \hbox (17.30557pt too wide) in paragraph at lines 5--5
 \OT1/cmr/m/n/10 gers 
 []


Overfull \hbox (12.77779pt too wide) in paragraph at lines 5--5
 \OT1/cmr/m/n/10 ac- 
 []


Overfull \hbox (15.27782pt too wide) in paragraph at lines 5--5
 \OT1/cmr/m/n/10 tiv- 
 []


Overfull \hbox (11.6667pt too wide) in paragraph at lines 5--5
 \OT1/cmr/m/n/10 ity 
 []

! Undefined control sequence.
l.7 ^^I{\Huge
              松本 崇斗}\\
The control sequence at the end of the top line
of your error message was never \def'ed. If you have
misspelled it (e.g., `\hobx'), type `I' and the correct
spelling (e.g., `I\hbox'). Otherwise just continue,
and I'll forget about whatever was undefined.


Overfull \hbox (9.62216pt too wide) in paragraph at lines 7--7
 []\JY1/mc/m/n/10 松 
 []


Overfull \hbox (9.62216pt too wide) in paragraph at lines 7--7
 \JY1/mc/m/n/10 本 
 []


Overfull \hbox (9.62216pt too wide) in paragraph at lines 7--7
 \JY1/mc/m/n/10 崇 
 []


Overfull \hbox (9.62216pt too wide) in paragraph at lines 7--7
 \JY1/mc/m/n/10 斗 
 []

! Undefined control sequence.
l.9 ^^I{\Large
               Takato MATSUMOTO}\\
The control sequence at the end of the top line
of your error message was never \def'ed. If you have
misspelled it (e.g., `\hobx'), type `I' and the correct
spelling (e.g., `I\hbox'). Otherwise just continue,
and I'll forget about whatever was undefined.


Overfull \hbox (30.00008pt too wide) in paragraph at lines 9--9
 []\OT1/cmr/m/n/10 Takato 
 []


Overfull \hbox (26.38892pt too wide) in paragraph at lines 9--9
 \OT1/cmr/m/n/10 MAT- 
 []


Overfull \hbox (45.0001pt too wide) in paragraph at lines 9--9
 \OT1/cmr/m/n/10 SUMOTO 
 []

! Undefined control sequence.
l.11 ^^I{\Large
                (2017年度入学, 17646137)}\\
The control sequence at the end of the top line
of your error message was never \def'ed. If you have
misspelled it (e.g., `\hobx'), type `I' and the correct
spelling (e.g., `I\hbox'). Otherwise just continue,
and I'll forget about whatever was undefined.


Overfull \hbox (23.88896pt too wide) in paragraph at lines 11--11
 []\OT1/cmr/m/n/10 (2017 
 []


Overfull \hbox (9.62216pt too wide) in paragraph at lines 11--11
 \JY1/mc/m/n/10 年 
 []


Overfull \hbox (9.62216pt too wide) in paragraph at lines 11--11
 \JY1/mc/m/n/10 度 
 []


Overfull \hbox (9.62216pt too wide) in paragraph at lines 11--11
 \JY1/mc/m/n/10 入 
 []


Overfull \hbox (12.39995pt too wide) in paragraph at lines 11--11
 \JY1/mc/m/n/10 学\OT1/cmr/m/n/10 , 
 []


Overfull \hbox (43.88902pt too wide) in paragraph at lines 11--11
 \OT1/cmr/m/n/10 17646137) 
 []


! LaTeX Error: Environment figure undefined.

See the LaTeX manual or LaTeX Companion for explanation.
Type  H <return>  for immediate help.
 ...                                              
                                                  
l.14 ^^I\begin{figure}
                      [H]
Your command was ignored.
Type  I <command> <return>  to replace it with another command,
or  <return>  to continue without it.


Overfull \hbox (13.05559pt too wide) in paragraph at lines 14--15
 []\OT1/cmr/m/n/10 [H] 
 []

! Undefined control sequence.
l.17 ^^I^^I^^I\includegraphics
                              [width=45mm]{fig/face_photo.jpg}
The control sequence at the end of the top line
of your error message was never \def'ed. If you have
misspelled it (e.g., `\hobx'), type `I' and the correct
spelling (e.g., `I\hbox'). Otherwise just continue,
and I'll forget about whatever was undefined.

! Missing $ inserted.
<inserted text> 
                $
l.17 ...I^^I\includegraphics[width=45mm]{fig/face_
                                                  photo.jpg}
I've inserted a begin-math/end-math symbol since I think
you left one out. Proceed, with fingers crossed.

LaTeX Font Info:    External font `cmex10' loaded for size
(Font)              <7> on input line 17.
LaTeX Font Info:    External font `cmex10' loaded for size
(Font)              <5> on input line 17.
! Extra }, or forgotten $.
l.17 ...degraphics[width=45mm]{fig/face_photo.jpg}
                                                  
I've deleted a group-closing symbol because it seems to be
spurious, as in `$x}$'. But perhaps the } is legitimate and
you forgot something else, as in `\hbox{$x}'. In such cases
the way to recover is to insert both the forgotten and the
deleted material, e.g., by typing `I$}'.


! LaTeX Error: Command \end{center} invalid in math mode.

See the LaTeX manual or LaTeX Companion for explanation.
Type  H <return>  for immediate help.
 ...                                              
                                                  
l.18 ^^I^^I\end{center}
                       
Try typing  <return>  to proceed.
If that doesn't work, type  X <return>  to quit.


! LaTeX Error: Something's wrong--perhaps a missing \item.

See the LaTeX manual or LaTeX Companion for explanation.
Type  H <return>  for immediate help.
 ...                                              
                                                  
l.18 ^^I^^I\end{center}
                       
Try typing  <return>  to proceed.
If that doesn't work, type  X <return>  to quit.


! LaTeX Error: Something's wrong--perhaps a missing \item.

See the LaTeX manual or LaTeX Companion for explanation.
Type  H <return>  for immediate help.
 ...                                              
                                                  
l.18 ^^I^^I\end{center}
                       
Try typing  <return>  to proceed.
If that doesn't work, type  X <return>  to quit.

! Missing $ inserted.
<inserted text> 
                $
l.18 ^^I^^I\end{center}
                       
I've inserted something that you may have forgotten.
(See the <inserted text> above.)
With luck, this will get me unwedged. But if you
really didn't forget anything, try typing `2' now; then
my insertion and my current dilemma will both disappear.

! Missing } inserted.
<inserted text> 
                }
l.18 ^^I^^I\end{center}
                       
I've inserted something that you may have forgotten.
(See the <inserted text> above.)
With luck, this will get me unwedged. But if you
really didn't forget anything, try typing `2' now; then
my insertion and my current dilemma will both disappear.


! LaTeX Error: \begin{center} on input line 2 ended by \end{figure}.

See the LaTeX manual or LaTeX Companion for explanation.
Type  H <return>  for immediate help.
 ...                                              
                                                  
l.19 ^^I\end{figure}
                    
Your command was ignored.
Type  I <command> <return>  to replace it with another command,
or  <return>  to continue without it.


Overfull \hbox (138.81775pt too wide) in paragraph at lines 17--20
 \OT1/cmr/m/n/10 [width=45mm]fig/face$[]\OML/cmm/m/it/10 hoto:jpg$ 
 []

! Undefined control sequence.
l.22 ^^I{\Huge
               指導教員 近藤敏之 教授}\\
The control sequence at the end of the top line
of your error message was never \def'ed. If you have
misspelled it (e.g., `\hobx'), type `I' and the correct
spelling (e.g., `I\hbox'). Otherwise just continue,
and I'll forget about whatever was undefined.


Overfull \hbox (9.62216pt too wide) in paragraph at lines 22--22
 []\JY1/mc/m/n/10 指 
 []


Overfull \hbox (9.62216pt too wide) in paragraph at lines 22--22
 \JY1/mc/m/n/10 導 
 []


Overfull \hbox (9.62216pt too wide) in paragraph at lines 22--22
 \JY1/mc/m/n/10 教 
 []


Overfull \hbox (9.62216pt too wide) in paragraph at lines 22--22
 \JY1/mc/m/n/10 員 
 []


Overfull \hbox (9.62216pt too wide) in paragraph at lines 22--22
 \JY1/mc/m/n/10 近 
 []


Overfull \hbox (9.62216pt too wide) in paragraph at lines 22--22
 \JY1/mc/m/n/10 藤 
 []


Overfull \hbox (9.62216pt too wide) in paragraph at lines 22--22
 \JY1/mc/m/n/10 敏 
 []


Overfull \hbox (9.62216pt too wide) in paragraph at lines 22--22
 \JY1/mc/m/n/10 之 
 []


Overfull \hbox (9.62216pt too wide) in paragraph at lines 22--22
 \JY1/mc/m/n/10 教 
 []


Overfull \hbox (9.62216pt too wide) in paragraph at lines 22--22
 \JY1/mc/m/n/10 授 
 []

! Undefined control sequence.
l.24 ^^I{\Large
                東京農工大学 工学府 情報工学専攻}\\
The control sequence at the end of the top line
of your error message was never \def'ed. If you have
misspelled it (e.g., `\hobx'), type `I' and the correct
spelling (e.g., `I\hbox'). Otherwise just continue,
and I'll forget about whatever was undefined.


Overfull \hbox (9.62216pt too wide) in paragraph at lines 24--24
 []\JY1/mc/m/n/10 東 
 []


Overfull \hbox (9.62216pt too wide) in paragraph at lines 24--24
 \JY1/mc/m/n/10 京 
 []


Overfull \hbox (9.62216pt too wide) in paragraph at lines 24--24
 \JY1/mc/m/n/10 農 
 []


Overfull \hbox (9.62216pt too wide) in paragraph at lines 24--24
 \JY1/mc/m/n/10 工 
 []


Overfull \hbox (9.62216pt too wide) in paragraph at lines 24--24
 \JY1/mc/m/n/10 大 
 []


Overfull \hbox (9.62216pt too wide) in paragraph at lines 24--24
 \JY1/mc/m/n/10 学 
 []


Overfull \hbox (9.62216pt too wide) in paragraph at lines 24--24
 \JY1/mc/m/n/10 工 
 []


Overfull \hbox (9.62216pt too wide) in paragraph at lines 24--24
 \JY1/mc/m/n/10 学 
 []


Overfull \hbox (9.62216pt too wide) in paragraph at lines 24--24
 \JY1/mc/m/n/10 府 
 []


Overfull \hbox (9.62216pt too wide) in paragraph at lines 24--24
 \JY1/mc/m/n/10 情 
 []


Overfull \hbox (9.62216pt too wide) in paragraph at lines 24--24
 \JY1/mc/m/n/10 報 
 []


Overfull \hbox (9.62216pt too wide) in paragraph at lines 24--24
 \JY1/mc/m/n/10 工 
 []


Overfull \hbox (9.62216pt too wide) in paragraph at lines 24--24
 \JY1/mc/m/n/10 学 
 []


Overfull \hbox (9.62216pt too wide) in paragraph at lines 24--24
 \JY1/mc/m/n/10 専 
 []


Overfull \hbox (9.62216pt too wide) in paragraph at lines 24--24
 \JY1/mc/m/n/10 攻 
 []


Underfull \vbox (badness 10000) has occurred while \output is active []



! LaTeX Error: The font size command \normalsize is not defined:
               there is probably something wrong with the class file.

See the LaTeX manual or LaTeX Companion for explanation.
Type  H <return>  for immediate help.
 ...                                              
                                                  
l.24 ...\Large 東京農工大学 工学府 情報工学専攻}\\
                                                  
Your command was ignored.
Type  I <command> <return>  to replace it with another command,
or  <return>  to continue without it.

[1]
! Undefined control sequence.
l.26 ^^I{\Large
                2019年度修士論文}\\
The control sequence at the end of the top line
of your error message was never \def'ed. If you have
misspelled it (e.g., `\hobx'), type `I' and the correct
spelling (e.g., `I\hbox'). Otherwise just continue,
and I'll forget about whatever was undefined.


Overfull \hbox (20.00006pt too wide) in paragraph at lines 26--26
 []\OT1/cmr/m/n/10 2019 
 []


Overfull \hbox (9.62216pt too wide) in paragraph at lines 26--26
 \JY1/mc/m/n/10 年 
 []


Overfull \hbox (9.62216pt too wide) in paragraph at lines 26--26
 \JY1/mc/m/n/10 度 
 []


Overfull \hbox (9.62216pt too wide) in paragraph at lines 26--26
 \JY1/mc/m/n/10 修 
 []


Overfull \hbox (9.62216pt too wide) in paragraph at lines 26--26
 \JY1/mc/m/n/10 士 
 []


Overfull \hbox (9.62216pt too wide) in paragraph at lines 26--26
 \JY1/mc/m/n/10 論 
 []


Overfull \hbox (9.62216pt too wide) in paragraph at lines 26--26
 \JY1/mc/m/n/10 文 
 []

! Undefined control sequence.
l.28 ^^I{\Large
                (2019年1月31日 提出)}\\
The control sequence at the end of the top line
of your error message was never \def'ed. If you have
misspelled it (e.g., `\hobx'), type `I' and the correct
spelling (e.g., `I\hbox'). Otherwise just continue,
and I'll forget about whatever was undefined.


Overfull \hbox (23.88896pt too wide) in paragraph at lines 28--28
 []\OT1/cmr/m/n/10 (2019 
 []


Overfull \hbox (9.62216pt too wide) in paragraph at lines 28--28
 \JY1/mc/m/n/10 年 
 []


Overfull \hbox (5.00002pt too wide) in paragraph at lines 28--28
 \OT1/cmr/m/n/10 1 
 []


Overfull \hbox (9.62216pt too wide) in paragraph at lines 28--28
 \JY1/mc/m/n/10 月 
 []


Overfull \hbox (10.00003pt too wide) in paragraph at lines 28--28
 \OT1/cmr/m/n/10 31 
 []


Overfull \hbox (9.62216pt too wide) in paragraph at lines 28--28
 \JY1/mc/m/n/10 日 
 []


Overfull \hbox (9.62216pt too wide) in paragraph at lines 28--28
 \JY1/mc/m/n/10 提 
 []


Overfull \hbox (13.51106pt too wide) in paragraph at lines 28--28
 \JY1/mc/m/n/10 出\OT1/cmr/m/n/10 ) 
 []

)
! Emergency stop.
<*> title.tex
             
*** (job aborted, no legal \end found)

 
Here is how much of TeX's memory you used:
 7 strings out of 493281
 75 string characters out of 6145041
 64514 words of memory out of 5000000
 4038 multiletter control sequences out of 15000+600000
 7511 words of font info for 31 fonts, out of 8000000 for 9000
 929 hyphenation exceptions out of 8191
 18i,4n,12p,87b,162s stack positions out of 5000i,500n,10000p,200000b,80000s
Output written on title.dvi (1 page, 868 bytes).
